# 2019-08-02 Friday 15:08:01 - Screensaver 206 ringradius - Temperature: 76
# 2019-08-02 Friday 16:48:01 - Screensaver 206 ringradius - Temperature: 76
# 2019-08-02 Friday 17:34:01 - Screensaver 159 interaggregate - Temperature: 76
# 2019-08-02 Friday 22:24:01 - Screensaver 206 ringradius - Temperature: 76
# 2019-08-03 Saturday 00:36:02 - Screensaver 206 ringradius - Temperature: 76
# 2019-08-03 Saturday 01:38:01 - Screensaver 151 popsquares - Temperature: 76
# 2019-08-03 Saturday 04:18:01 - Screensaver 206 ringradius - Temperature: 76
# 2019-08-03 Saturday 04:20:01 - Screensaver 206 ringradius - Temperature: 76
# 2019-08-03 Saturday 10:54:01 - Screensaver 79 phosphor - Temperature: 76
# 2019-08-03 Saturday 11:20:02 - Screensaver 151 popsquares - Temperature: 76
# 2019-08-04 Sunday 20:32:01 - Screensaver 206 ringradius - Temperature: 76
# 2019-08-05 Monday 15:22:01 - Screensaver 206 ringradius - Temperature: 76
# 2019-08-05 Monday 23:22:02 - Screensaver 147 mirrorblob - Temperature: 76
# 2019-08-05 Monday 23:24:01 - Screensaver 70 bumps - Temperature: 77
# 2019-08-05 Monday 23:26:01 - Screensaver 159 interaggregate - Temperature: 76
# 2019-08-06 Tuesday 00:10:01 - Screensaver 151 popsquares - Temperature: 76
# 2019-08-09 Friday 23:16:01 - Screensaver 206 ringradius - Temperature: 76
# 2019-08-10 Saturday 13:04:01 - Screensaver 151 popsquares - Temperature: 76
# 2019-08-11 Sunday 00:20:01 - Screensaver 151 popsquares - Temperature: 76
# 2019-08-13 Tuesday 23:04:01 - Screensaver 154 abstractile - Temperature: 78
# 2019-08-13 Tuesday 23:40:02 - Screensaver 108 anemone - Temperature: 76
# 2019-08-14 Wednesday 01:02:01 - Screensaver 73 deluxe - Temperature: 71
# 2019-08-14 Wednesday 01:14:01 - Screensaver 32 moebius - Temperature: 73
# 2019-08-14 Wednesday 01:38:01 - Screensaver 43 sproingies - Temperature: 71
# 2019-08-14 Wednesday 02:44:02 - Screensaver 115 flurry - Temperature: 71
# 2019-08-14 Wednesday 02:46:01 - Screensaver 127 antspotlight - Temperature: 71
# 2019-08-14 Wednesday 09:50:02 - Screensaver 189 moebiusgears - Temperature: 74
# 2019-08-14 Wednesday 10:34:01 - Screensaver 108 anemone - Temperature: 73
# 2019-08-14 Wednesday 10:36:02 - Screensaver 211 tessellimage - Temperature: 71
# 2019-08-14 Wednesday 11:50:01 - Screensaver 127 antspotlight - Temperature: 71
# 2019-08-14 Wednesday 12:14:01 - Screensaver 108 anemone - Temperature: 71
# 2019-08-14 Wednesday 16:16:01 - Screensaver 154 abstractile - Temperature: 74
# 2019-08-14 Wednesday 16:38:01 - Screensaver 154 abstractile - Temperature: 73
# 2019-08-14 Wednesday 19:30:01 - Screensaver 20 coral - Temperature: 71
# 2019-08-14 Wednesday 20:08:01 - Screensaver 20 coral - Temperature: 71
# 2019-08-15 Thursday 02:20:02 - Screensaver 20 coral - Temperature: 71
# 2019-08-15 Thursday 02:22:02 - Screensaver 211 tessellimage - Temperature: 73
# 2019-08-15 Thursday 02:34:01 - Screensaver 154 abstractile - Temperature: 73
# 2019-08-15 Thursday 08:50:01 - Screensaver 108 anemone - Temperature: 71
# 2019-08-15 Thursday 09:24:01 - Screensaver 189 moebiusgears - Temperature: 75
# 2019-08-15 Thursday 12:50:02 - Screensaver 108 anemone - Temperature: 71
# 2019-08-15 Thursday 13:42:02 - Screensaver 154 abstractile - Temperature: 76
# 2019-08-15 Thursday 16:06:01 - Screensaver 189 moebiusgears - Temperature: 73
# 2019-08-15 Thursday 18:18:01 - Screensaver 189 moebiusgears - Temperature: 71
# 2019-08-15 Thursday 18:30:01 - Screensaver 108 anemone - Temperature: 71
# 2019-08-15 Thursday 19:24:02 - Screensaver 127 antspotlight - Temperature: 71
# 2019-08-15 Thursday 20:06:01 - Screensaver 108 anemone - Temperature: 73
# 2019-08-15 Thursday 20:28:01 - Screensaver 189 moebiusgears - Temperature: 76
# 2019-08-15 Thursday 20:30:01 - Screensaver 108 anemone - Temperature: 76
# 2019-08-15 Thursday 20:44:01 - Screensaver 211 tessellimage - Temperature: 71
# 2019-08-15 Thursday 21:26:02 - Screensaver 34 morph3d - Temperature: 71
# 2019-08-15 Thursday 22:02:01 - Screensaver 211 tessellimage - Temperature: 73
# 2019-08-15 Thursday 23:20:01 - Screensaver 46 swirl - Temperature: 71
# 2019-08-15 Thursday 23:52:01 - Screensaver 43 sproingies - Temperature: 71
# 2019-08-15 Thursday 23:56:01 - Screensaver 168 wormhole - Temperature: 72
# 2019-08-15 Thursday 23:58:01 - Screensaver 20 coral - Temperature: 74
# 2019-08-16 Friday 00:20:01 - Screensaver 154 abstractile - Temperature: 75
# 2019-08-16 Friday 00:54:01 - Screensaver 92 xrayswarm - Temperature: 71
# 2019-08-16 Friday 00:56:02 - Screensaver 108 anemone - Temperature: 76
# 2019-08-16 Friday 00:58:01 - Screensaver 108 anemone - Temperature: 77
# 2019-08-16 Friday 06:16:02 - Screensaver 108 anemone - Temperature: 72
# 2019-08-16 Friday 08:40:02 - Screensaver 154 abstractile - Temperature: 74
# 2019-08-16 Friday 09:16:01 - Screensaver 108 anemone - Temperature: 71
# 2019-08-16 Friday 12:12:01 - Screensaver 108 anemone - Temperature: 72
# 2019-08-16 Friday 17:34:01 - Screensaver 154 abstractile - Temperature: 76
# 2019-08-17 Saturday 01:26:01 - Screensaver 154 abstractile - Temperature: 74
# 2019-08-17 Saturday 02:14:01 - Screensaver 60 glplanet - Temperature: 71
# 2019-08-17 Saturday 02:18:01 - Screensaver 211 tessellimage - Temperature: 71
# 2019-08-17 Saturday 13:40:02 - Screensaver 154 abstractile - Temperature: 73
# 2019-08-17 Saturday 14:36:01 - Screensaver 108 anemone - Temperature: 71
# 2019-08-17 Saturday 18:10:01 - Screensaver 189 moebiusgears - Temperature: 74
# 2019-08-17 Saturday 18:32:01 - Screensaver 154 abstractile - Temperature: 75
# 2019-08-17 Saturday 18:44:02 - Screensaver 189 moebiusgears - Temperature: 74
# 2019-08-17 Saturday 18:46:01 - Screensaver 154 abstractile - Temperature: 76
# 2019-08-17 Saturday 20:40:01 - Screensaver 127 antspotlight - Temperature: 73
# 2019-08-17 Saturday 20:42:02 - Screensaver 115 flurry - Temperature: 71
# 2019-08-17 Saturday 21:56:01 - Screensaver 45 strange - Temperature: 71
# 2019-08-17 Saturday 22:08:01 - Screensaver 108 anemone - Temperature: 71
# 2019-08-17 Saturday 22:10:01 - Screensaver 154 abstractile - Temperature: 77
# 2019-08-17 Saturday 23:32:01 - Screensaver 189 moebiusgears - Temperature: 75
# 2019-08-18 Sunday 00:26:02 - Screensaver 20 coral - Temperature: 71
# 2019-08-18 Sunday 02:00:01 - Screensaver 43 sproingies - Temperature: 71
# 2019-08-18 Sunday 03:02:01 - Screensaver 154 abstractile - Temperature: 77
# 2019-08-18 Sunday 04:04:01 - Screensaver 154 abstractile - Temperature: 74
# 2019-08-18 Sunday 05:36:01 - Screensaver 108 anemone - Temperature: 71
# 2019-08-18 Sunday 06:40:02 - Screensaver 154 abstractile - Temperature: 74
# 2019-08-18 Sunday 07:12:02 - Screensaver 108 anemone - Temperature: 71
# 2019-08-18 Sunday 07:34:01 - Screensaver 189 moebiusgears - Temperature: 75
# 2019-08-18 Sunday 07:36:01 - Screensaver 154 abstractile - Temperature: 77
# 2019-08-18 Sunday 08:38:01 - Screensaver 154 abstractile - Temperature: 75
# 2019-08-18 Sunday 09:26:01 - Screensaver 108 anemone - Temperature: 72
# 2019-08-18 Sunday 14:54:01 - Screensaver 108 anemone - Temperature: 71
# 2019-08-18 Sunday 17:30:01 - Screensaver 211 tessellimage - Temperature: 71
# 2019-08-18 Sunday 17:32:01 - Screensaver 189 moebiusgears - Temperature: 77
# 2019-08-18 Sunday 20:30:01 - Screensaver 92 xrayswarm - Temperature: 71
# 2019-08-18 Sunday 21:36:01 - Screensaver 43 sproingies - Temperature: 71
# 2019-08-18 Sunday 21:48:01 - Screensaver 189 moebiusgears - Temperature: 76
# 2019-08-18 Sunday 22:04:01 - Screensaver 211 tessellimage - Temperature: 72
# 2019-08-18 Sunday 23:56:01 - Screensaver 108 anemone - Temperature: 73
# 2019-08-19 Monday 00:48:01 - Screensaver 127 antspotlight - Temperature: 71
# 2019-08-19 Monday 02:38:01 - Screensaver 46 swirl - Temperature: 71
# 2019-08-19 Monday 03:20:01 - Screensaver 108 anemone - Temperature: 74
# 2019-08-19 Monday 03:22:02 - Screensaver 115 flurry - Temperature: 71
# 2019-08-19 Monday 05:36:02 - Screensaver 154 abstractile - Temperature: 74
# 2019-08-19 Monday 07:38:01 - Screensaver 154 abstractile - Temperature: 73
# 2019-08-19 Monday 13:48:01 - Screensaver 20 coral - Temperature: 71
# 2019-08-19 Monday 13:50:01 - Screensaver 108 anemone - Temperature: 73
